
> snake-game@0.1.0 build C:\github\resume\packages\snake-game
> react-scripts build

Creating an optimized production build...
Compiled with warnings.

[eslint] 
src\App.tsx
  Line 1:41:   Delete `␍`  prettier/prettier
  Line 2:55:   Delete `␍`  prettier/prettier
  Line 3:51:   Delete `␍`  prettier/prettier
  Line 4:70:   Delete `␍`  prettier/prettier
  Line 5:76:   Delete `␍`  prettier/prettier
  Line 6:61:   Delete `␍`  prettier/prettier
  Line 7:52:   Delete `␍`  prettier/prettier
  Line 8:36:   Delete `␍`  prettier/prettier
  Line 9:40:   Delete `␍`  prettier/prettier
  Line 10:1:   Delete `␍`  prettier/prettier
  Line 11:30:  Delete `␍`  prettier/prettier
  Line 12:33:  Delete `␍`  prettier/prettier
  Line 13:72:  Delete `␍`  prettier/prettier
  Line 14:78:  Delete `␍`  prettier/prettier
  Line 15:36:  Delete `␍`  prettier/prettier
  Line 16:50:  Delete `␍`  prettier/prettier
  Line 17:4:   Delete `␍`  prettier/prettier
  Line 18:1:   Delete `␍`  prettier/prettier
  Line 19:20:  Delete `␍`  prettier/prettier
  Line 20:55:  Delete `␍`  prettier/prettier
  Line 21:79:  Delete `␍`  prettier/prettier
  Line 22:15:  Delete `␍`  prettier/prettier
  Line 23:8:   Delete `␍`  prettier/prettier
  Line 24:63:  Delete `␍`  prettier/prettier
  Line 25:6:   Delete `␍`  prettier/prettier
  Line 26:64:  Delete `␍`  prettier/prettier
  Line 27:1:   Delete `␍`  prettier/prettier
  Line 28:23:  Delete `␍`  prettier/prettier
  Line 29:23:  Delete `␍`  prettier/prettier
  Line 30:69:  Delete `␍`  prettier/prettier
  Line 31:44:  Delete `␍`  prettier/prettier
  Line 32:1:   Delete `␍`  prettier/prettier
  Line 33:27:  Delete `␍`  prettier/prettier
  Line 34:27:  Delete `␍`  prettier/prettier
  Line 35:7:   Delete `␍`  prettier/prettier
  Line 36:1:   Delete `␍`  prettier/prettier
  Line 37:67:  Delete `␍`  prettier/prettier
  Line 38:44:  Delete `␍`  prettier/prettier
  Line 39:42:  Delete `␍`  prettier/prettier
  Line 40:42:  Delete `␍`  prettier/prettier
  Line 41:66:  Delete `␍`  prettier/prettier
  Line 42:66:  Delete `␍`  prettier/prettier
  Line 43:42:  Delete `␍`  prettier/prettier
  Line 44:57:  Delete `␍`  prettier/prettier
  Line 45:49:  Delete `␍`  prettier/prettier
  Line 46:56:  Delete `␍`  prettier/prettier
  Line 47:49:  Delete `␍`  prettier/prettier
  Line 48:54:  Delete `␍`  prettier/prettier
  Line 49:49:  Delete `␍`  prettier/prettier
  Line 50:56:  Delete `␍`  prettier/prettier
  Line 51:8:   Delete `␍`  prettier/prettier
  Line 52:7:   Delete `␍`  prettier/prettier
  Line 53:1:   Delete `␍`  prettier/prettier
  Line 54:80:  Delete `␍`  prettier/prettier
  Line 55:21:  Delete `␍`  prettier/prettier
  Line 56:1:   Delete `␍`  prettier/prettier
  Line 57:11:  Delete `␍`  prettier/prettier
  Line 58:10:  Delete `␍`  prettier/prettier
  Line 59:20:  Delete `␍`  prettier/prettier
  Line 60:52:  Delete `␍`  prettier/prettier
  Line 61:41:  Delete `␍`  prettier/prettier
  Line 62:11:  Delete `␍`  prettier/prettier
  Line 63:4:   Delete `␍`  prettier/prettier
  Line 64:2:   Delete `␍`  prettier/prettier
  Line 65:1:   Delete `␍`  prettier/prettier
  Line 66:19:  Delete `␍`  prettier/prettier

src\components\FieldCell\FieldCell.tsx
  Line 1:26:   Delete `␍`  prettier/prettier
  Line 2:42:   Delete `␍`  prettier/prettier
  Line 3:46:   Delete `␍`  prettier/prettier
  Line 4:40:   Delete `␍`  prettier/prettier
  Line 5:25:   Delete `␍`  prettier/prettier
  Line 6:18:   Delete `␍`  prettier/prettier
  Line 7:16:   Delete `␍`  prettier/prettier
  Line 8:17:   Delete `␍`  prettier/prettier
  Line 9:13:   Delete `␍`  prettier/prettier
  Line 10:12:  Delete `␍`  prettier/prettier
  Line 11:12:  Delete `␍`  prettier/prettier
  Line 12:2:   Delete `␍`  prettier/prettier
  Line 13:52:  Delete `␍`  prettier/prettier
  Line 14:60:  Delete `␍`  prettier/prettier
  Line 15:27:  Delete `␍`  prettier/prettier
  Line 16:18:  Delete `␍`  prettier/prettier
  Line 17:18:  Delete `␍`  prettier/prettier
  Line 18:6:   Delete `␍`  prettier/prettier
  Line 19:43:  Delete `␍`  prettier/prettier
  Line 20:52:  Delete `␍`  prettier/prettier
  Line 21:29:  Delete `␍`  prettier/prettier
  Line 22:6:   Delete `␍`  prettier/prettier
  Line 23:1:   Delete `␍`  prettier/prettier
  Line 24:19:  Delete `␍`  prettier/prettier
  Line 25:5:   Delete `␍`  prettier/prettier
  Line 26:1:   Delete `␍`  prettier/prettier
  Line 27:57:  Delete `␍`  prettier/prettier
  Line 28:27:  Delete `␍`  prettier/prettier
  Line 29:42:  Delete `␍`  prettier/prettier
  Line 30:5:   Delete `␍`  prettier/prettier
  Line 31:1:   Delete `␍`  prettier/prettier
  Line 32:11:  Delete `␍`  prettier/prettier
  Line 33:9:   Delete `␍`  prettier/prettier
  Line 34:71:  Delete `␍`  prettier/prettier
  Line 35:34:  Delete `␍`  prettier/prettier
  Line 36:10:  Delete `␍`  prettier/prettier
  Line 37:38:  Delete `␍`  prettier/prettier
  Line 38:12:  Delete `␍`  prettier/prettier
  Line 39:4:   Delete `␍`  prettier/prettier
  Line 40:2:   Delete `␍`  prettier/prettier
  Line 41:1:   Delete `␍`  prettier/prettier
  Line 42:37:  Delete `␍`  prettier/prettier

src\components\GameField.tsx
  Line 1:49:   Delete `␍`  prettier/prettier
  Line 2:55:   Delete `␍`  prettier/prettier
  Line 3:57:   Delete `␍`  prettier/prettier
  Line 4:53:   Delete `␍`  prettier/prettier
  Line 5:43:   Delete `␍`  prettier/prettier
  Line 6:37:   Delete `␍`  prettier/prettier
  Line 7:46:   Delete `␍`  prettier/prettier
  Line 8:25:   Delete `␍`  prettier/prettier
  Line 9:1:    Delete `␍`  prettier/prettier
  Line 10:43:  Delete `␍`  prettier/prettier
  Line 11:32:  Delete `␍`  prettier/prettier
  Line 12:25:  Delete `␍`  prettier/prettier
  Line 13:1:   Delete `␍`  prettier/prettier
  Line 14:68:  Delete `␍`  prettier/prettier
  Line 15:68:  Delete `␍`  prettier/prettier
  Line 16:70:  Delete `␍`  prettier/prettier
  Line 17:76:  Delete `␍`  prettier/prettier
  Line 18:1:   Delete `␍`  prettier/prettier
  Line 19:33:  Delete `␍`  prettier/prettier
  Line 20:1:   Delete `␍`  prettier/prettier
  Line 21:20:  Delete `␍`  prettier/prettier
  Line 22:22:  Delete `␍`  prettier/prettier
  Line 23:13:  Delete `␍`  prettier/prettier
  Line 24:6:   Delete `␍`  prettier/prettier
  Line 25:25:  Delete `␍`  prettier/prettier
  Line 26:40:  Delete `␍`  prettier/prettier
  Line 27:28:  Delete `␍`  prettier/prettier
  Line 28:14:  Delete `␍`  prettier/prettier
  Line 29:34:  Delete `␍`  prettier/prettier
  Line 30:25:  Delete `␍`  prettier/prettier
  Line 31:1:   Delete `␍`  prettier/prettier
  Line 32:11:  Delete `␍`  prettier/prettier
  Line 33:54:  Delete `␍`  prettier/prettier
  Line 34:41:  Delete `␍`  prettier/prettier
  Line 35:19:  Delete `␍`  prettier/prettier
  Line 36:24:  Delete `␍`  prettier/prettier
  Line 37:29:  Delete `␍`  prettier/prettier
  Line 38:31:  Delete `␍`  prettier/prettier
  Line 39:23:  Delete `␍`  prettier/prettier
  Line 40:21:  Delete `␍`  prettier/prettier
  Line 41:21:  Delete `␍`  prettier/prettier
  Line 42:11:  Delete `␍`  prettier/prettier
  Line 43:10:  Delete `␍`  prettier/prettier
  Line 44:11:  Delete `␍`  prettier/prettier
  Line 45:4:   Delete `␍`  prettier/prettier
  Line 46:2:   Delete `␍`  prettier/prettier

src\components\GameSettings\GameSettings.tsx
  Line 1:56:   Delete `␍`  prettier/prettier
  Line 2:42:   Delete `␍`  prettier/prettier
  Line 3:40:   Delete `␍`  prettier/prettier
  Line 4:42:   Delete `␍`  prettier/prettier
  Line 5:28:   Delete `␍`  prettier/prettier
  Line 6:36:   Delete `␍`  prettier/prettier
  Line 7:45:   Delete `␍`  prettier/prettier
  Line 8:11:   Delete `␍`  prettier/prettier
  Line 9:12:   Delete `␍`  prettier/prettier
  Line 10:15:  Delete `␍`  prettier/prettier
  Line 11:78:  Delete `␍`  prettier/prettier
  Line 12:57:  Delete `␍`  prettier/prettier
  Line 13:16:  Delete `␍`  prettier/prettier
  Line 14:13:  Delete `␍`  prettier/prettier
  Line 15:4:   Delete `␍`  prettier/prettier
  Line 16:2:   Delete `␍`  prettier/prettier

src\components\GameStatistics\GameStatistics.tsx
  Line 1:26:   Delete `␍`  prettier/prettier
  Line 2:42:   Delete `␍`  prettier/prettier
  Line 3:56:   Delete `␍`  prettier/prettier
  Line 4:40:   Delete `␍`  prettier/prettier
  Line 5:42:   Delete `␍`  prettier/prettier
  Line 6:40:   Delete `␍`  prettier/prettier
  Line 7:42:   Delete `␍`  prettier/prettier
  Line 8:36:   Delete `␍`  prettier/prettier
  Line 9:38:   Delete `␍`  prettier/prettier
  Line 10:73:  Delete `␍`  prettier/prettier
  Line 11:48:  Delete `␍`  prettier/prettier
  Line 12:4:   Delete `␍`  prettier/prettier
  Line 13:45:  Delete `␍`  prettier/prettier
  Line 14:28:  Delete `␍`  prettier/prettier
  Line 15:61:  Delete `␍`  prettier/prettier
  Line 16:28:  Delete `␍`  prettier/prettier
  Line 17:61:  Delete `␍`  prettier/prettier
  Line 18:11:  Delete `␍`  prettier/prettier
  Line 19:12:  Delete `␍`  prettier/prettier
  Line 20:15:  Delete `␍`  prettier/prettier
  Line 21:13:  Delete `␍`  prettier/prettier
  Line 22:38:  Delete `␍`  prettier/prettier
  Line 23:67:  Delete `␍`  prettier/prettier
  Line 24:11:  Delete `␍`  prettier/prettier
  Line 25:59:  Delete `␍`  prettier/prettier
  Line 26:53:  Delete `␍`  prettier/prettier
  Line 27:62:  Delete `␍`  prettier/prettier
  Line 28:16:  Delete `␍`  prettier/prettier
  Line 29:13:  Delete `␍`  prettier/prettier
  Line 30:4:   Delete `␍`  prettier/prettier
  Line 31:2:   Delete `␍`  prettier/prettier

src\components\layout\Button.tsx
  Line 1:42:   Delete `␍`  prettier/prettier
  Line 2:1:    Delete `␍`  prettier/prettier
  Line 3:44:   Delete `␍`  prettier/prettier
  Line 4:22:   Delete `␍`  prettier/prettier
  Line 5:2:    Delete `␍`  prettier/prettier
  Line 6:1:    Delete `␍`  prettier/prettier
  Line 7:58:   Delete `␍`  prettier/prettier
  Line 8:11:   Delete `␍`  prettier/prettier
  Line 9:62:   Delete `␍`  prettier/prettier
  Line 10:17:  Delete `␍`  prettier/prettier
  Line 11:14:  Delete `␍`  prettier/prettier
  Line 12:4:   Delete `␍`  prettier/prettier
  Line 13:2:   Delete `␍`  prettier/prettier

src\components\layout\Modal.tsx
  Line 1:42:  Delete `␍`  prettier/prettier
  Line 2:28:  Delete `␍`  prettier/prettier
  Line 3:45:  Delete `␍`  prettier/prettier
  Line 4:48:  Delete `␍`  prettier/prettier
  Line 5:62:  Delete `␍`  prettier/prettier
  Line 6:2:   Delete `␍`  prettier/prettier

src\components\layout\Pannel.tsx
  Line 1:42:  Delete `␍`  prettier/prettier
  Line 2:29:  Delete `␍`  prettier/prettier
  Line 3:45:  Delete `␍`  prettier/prettier
  Line 4:1:   Delete `␍`  prettier/prettier
  Line 5:42:  Delete `␍`  prettier/prettier
  Line 6:62:  Delete `␍`  prettier/prettier
  Line 7:2:   Delete `␍`  prettier/prettier

src\components\layout\Row.tsx
  Line 1:26:   Delete `␍`  prettier/prettier
  Line 2:18:   Delete `␍`  prettier/prettier
  Line 3:16:   Delete `␍`  prettier/prettier
  Line 4:25:   Delete `␍`  prettier/prettier
  Line 5:2:    Delete `␍`  prettier/prettier
  Line 6:39:   Delete `␍`  prettier/prettier
  Line 7:11:   Delete `␍`  prettier/prettier
  Line 8:32:   Delete `␍`  prettier/prettier
  Line 9:61:   Delete `␍`  prettier/prettier
  Line 10:61:  Delete `␍`  prettier/prettier
  Line 11:11:  Delete `␍`  prettier/prettier
  Line 12:4:   Delete `␍`  prettier/prettier
  Line 13:2:   Delete `␍`  prettier/prettier

src\constants.ts
  Line 1:40:   Delete `␍`  prettier/prettier
  Line 2:1:    Delete `␍`  prettier/prettier
  Line 3:44:   Delete `␍`  prettier/prettier
  Line 4:49:   Delete `␍`  prettier/prettier
  Line 5:48:   Delete `␍`  prettier/prettier
  Line 6:48:   Delete `␍`  prettier/prettier
  Line 7:42:   Delete `␍`  prettier/prettier
  Line 8:37:   Delete `␍`  prettier/prettier
  Line 9:45:   Delete `␍`  prettier/prettier
  Line 10:22:  Delete `␍`  prettier/prettier
  Line 11:22:  Delete `␍`  prettier/prettier
  Line 12:20:  Delete `␍`  prettier/prettier
  Line 13:23:  Delete `␍`  prettier/prettier
  Line 14:2:   Delete `␍`  prettier/prettier

src\features\game.ts
  Line 1:54:    Delete `␍`  prettier/prettier
  Line 2:47:    Delete `␍`  prettier/prettier
  Line 3:9:     Delete `␍`  prettier/prettier
  Line 4:32:    Delete `␍`  prettier/prettier
  Line 5:32:    Delete `␍`  prettier/prettier
  Line 6:29:    Delete `␍`  prettier/prettier
  Line 7:32:    Delete `␍`  prettier/prettier
  Line 8:22:    Delete `␍`  prettier/prettier
  Line 9:9:     Delete `␍`  prettier/prettier
  Line 10:25:   Delete `␍`  prettier/prettier
  Line 11:22:   Delete `␍`  prettier/prettier
  Line 12:18:   Delete `␍`  prettier/prettier
  Line 13:20:   Delete `␍`  prettier/prettier
  Line 14:62:   Delete `␍`  prettier/prettier
  Line 15:41:   Delete `␍`  prettier/prettier
  Line 16:29:   Delete `␍`  prettier/prettier
  Line 17:25:   Delete `␍`  prettier/prettier
  Line 18:13:   Delete `␍`  prettier/prettier
  Line 19:23:   Delete `␍`  prettier/prettier
  Line 20:15:   Delete `␍`  prettier/prettier
  Line 21:21:   Delete `␍`  prettier/prettier
  Line 22:38:   Delete `␍`  prettier/prettier
  Line 23:17:   Delete `␍`  prettier/prettier
  Line 24:39:   Delete `␍`  prettier/prettier
  Line 25:16:   Delete `␍`  prettier/prettier
  Line 26:18:   Delete `␍`  prettier/prettier
  Line 27:19:   Delete `␍`  prettier/prettier
  Line 28:21:   Delete `␍`  prettier/prettier
  Line 29:23:   Delete `␍`  prettier/prettier
  Line 30:5:    Delete `␍`  prettier/prettier
  Line 31:21:   Delete `␍`  prettier/prettier
  Line 32:20:   Delete `␍`  prettier/prettier
  Line 33:2:    Delete `␍`  prettier/prettier
  Line 34:1:    Delete `␍`  prettier/prettier
  Line 35:32:   Delete `␍`  prettier/prettier
  Line 36:16:   Delete `␍`  prettier/prettier
  Line 37:16:   Delete `␍`  prettier/prettier
  Line 38:14:   Delete `␍`  prettier/prettier
  Line 39:70:   Delete `␍`  prettier/prettier
  Line 40:41:   Delete `␍`  prettier/prettier
  Line 41:44:   Delete `␍`  prettier/prettier
  Line 42:7:    Delete `␍`  prettier/prettier
  Line 43:28:   Delete `␍`  prettier/prettier
  Line 44:49:   Delete `␍`  prettier/prettier
  Line 45:79:   Delete `␍`  prettier/prettier
  Line 46:45:   Delete `␍`  prettier/prettier
  Line 47:45:   Delete `␍`  prettier/prettier
  Line 48:1:    Delete `␍`  prettier/prettier
  Line 49:20:   Delete `␍`  prettier/prettier
  Line 50:46:   Delete `␍`  prettier/prettier
  Line 51:41:   Delete `␍`  prettier/prettier
  Line 52:41:   Delete `␍`  prettier/prettier
  Line 53:1:    Delete `␍`  prettier/prettier
  Line 54:42:   Delete `␍`  prettier/prettier
  Line 55:57:   Delete `␍`  prettier/prettier
  Line 56:8:    Delete `␍`  prettier/prettier
  Line 57:38:   Delete `␍`  prettier/prettier
  Line 58:29:   Delete `␍`  prettier/prettier
  Line 59:59:   Delete `␍`  prettier/prettier
  Line 60:31:   Delete `␍`  prettier/prettier
  Line 61:37:   Delete `␍`  prettier/prettier
  Line 62:7:    Delete `␍`  prettier/prettier
  Line 63:58:   Delete `␍`  prettier/prettier
  Line 64:37:   Delete `␍`  prettier/prettier
  Line 65:7:    Delete `␍`  prettier/prettier
  Line 66:75:   Delete `␍`  prettier/prettier
  Line 67:32:   Delete `␍`  prettier/prettier
  Line 68:11:   Delete `␍`  prettier/prettier
  Line 69:50:   Delete `␍`  prettier/prettier
  Line 70:56:   Delete `␍`  prettier/prettier
  Line 71:50:   Delete `␍`  prettier/prettier
  Line 72:59:   Delete `␍`  prettier/prettier
  Line 73:48:   Delete `␍`  prettier/prettier
  Line 74:58:   Delete `␍`  prettier/prettier
  Line 75:51:   Delete `␍`  prettier/prettier
  Line 76:55:   Delete `␍`  prettier/prettier
  Line 77:10:   Delete `␍`  prettier/prettier
  Line 78:15:   Delete `␍`  prettier/prettier
  Line 79:8:    Delete `␍`  prettier/prettier
  Line 80:1:    Delete `␍`  prettier/prettier
  Line 81:44:   Delete `␍`  prettier/prettier
  Line 82:7:    Delete `␍`  prettier/prettier
  Line 83:29:   Delete `␍`  prettier/prettier
  Line 84:26:   Delete `␍`  prettier/prettier
  Line 85:21:   Delete `␍`  prettier/prettier
  Line 86:8:    Delete `␍`  prettier/prettier
  Line 87:1:    Delete `␍`  prettier/prettier
  Line 88:35:   Delete `␍`  prettier/prettier
  Line 89:1:    Delete `␍`  prettier/prettier
  Line 90:45:   Delete `␍`  prettier/prettier
  Line 91:1:    Delete `␍`  prettier/prettier
  Line 92:38:   Delete `␍`  prettier/prettier
  Line 93:34:   Delete `␍`  prettier/prettier
  Line 94:53:   Delete `␍`  prettier/prettier
  Line 95:16:   Delete `␍`  prettier/prettier
  Line 96:33:   Delete `␍`  prettier/prettier
  Line 97:53:   Delete `␍`  prettier/prettier
  Line 98:16:   Delete `␍`  prettier/prettier
  Line 99:1:    Delete `␍`  prettier/prettier
  Line 100:31:  Delete `␍`  prettier/prettier
  Line 101:53:  Delete `␍`  prettier/prettier
  Line 102:16:  Delete `␍`  prettier/prettier
  Line 103:1:   Delete `␍`  prettier/prettier
  Line 104:33:  Delete `␍`  prettier/prettier
  Line 105:53:  Delete `␍`  prettier/prettier
  Line 106:16:  Delete `␍`  prettier/prettier
  Line 107:17:  Delete `␍`  prettier/prettier
  Line 108:49:  Delete `␍`  prettier/prettier
  Line 109:8:   Delete `␍`  prettier/prettier
  Line 110:31:  Delete `␍`  prettier/prettier
  Line 111:37:  Delete `␍`  prettier/prettier
  Line 112:43:  Delete `␍`  prettier/prettier
  Line 113:17:  Delete `␍`  prettier/prettier
  Line 114:27:  Delete `␍`  prettier/prettier
  Line 115:38:  Delete `␍`  prettier/prettier
  Line 116:30:  Delete `␍`  prettier/prettier
  Line 117:30:  Delete `␍`  prettier/prettier
  Line 118:31:  Delete `␍`  prettier/prettier
  Line 119:28:  Delete `␍`  prettier/prettier
  Line 120:24:  Delete `␍`  prettier/prettier
  Line 121:33:  Delete `␍`  prettier/prettier
  Line 122:46:  Delete `␍`  prettier/prettier
  Line 123:13:  Delete `␍`  prettier/prettier
  Line 124:10:  Delete `␍`  prettier/prettier
  Line 125:15:  Delete `␍`  prettier/prettier
  Line 126:65:  Delete `␍`  prettier/prettier
  Line 127:39:  Delete `␍`  prettier/prettier
  Line 128:46:  Delete `␍`  prettier/prettier
  Line 129:39:  Delete `␍`  prettier/prettier
  Line 130:10:  Delete `␍`  prettier/prettier
  Line 131:51:  Delete `␍`  prettier/prettier
  Line 132:41:  Delete `␍`  prettier/prettier
  Line 133:24:  Delete `␍`  prettier/prettier
  Line 134:1:   Delete `␍`  prettier/prettier
  Line 135:44:  Delete `␍`  prettier/prettier
  Line 136:64:  Delete `␍`  prettier/prettier
  Line 137:40:  Delete `␍`  prettier/prettier
  Line 138:24:  Delete `␍`  prettier/prettier
  Line 139:49:  Delete `␍`  prettier/prettier
  Line 140:22:  Delete `␍`  prettier/prettier
  Line 141:45:  Delete `␍`  prettier/prettier
  Line 142:10:  Delete `␍`  prettier/prettier
  Line 143:8:   Delete `␍`  prettier/prettier
  Line 144:33:  Delete `␍`  prettier/prettier
  Line 145:7:   Delete `␍`  prettier/prettier
  Line 146:5:   Delete `␍`  prettier/prettier
  Line 147:3:   Delete `␍`  prettier/prettier
  Line 148:1:   Delete `␍`  prettier/prettier
  Line 149:15:  Delete `␍`  prettier/prettier
  Line 150:18:  Delete `␍`  prettier/prettier
  Line 151:13:  Delete `␍`  prettier/prettier
  Line 152:12:  Delete `␍`  prettier/prettier
  Line 153:14:  Delete `␍`  prettier/prettier
  Line 154:21:  Delete `␍`  prettier/prettier
  Line 155:22:  Delete `␍`  prettier/prettier
  Line 156:33:  Delete `␍`  prettier/prettier

src\helpers.ts
  Line 1:76:   Delete `␍`  prettier/prettier
  Line 2:1:    Delete `␍`  prettier/prettier
  Line 3:39:   Delete `␍`  prettier/prettier
  Line 4:21:   Delete `␍`  prettier/prettier
  Line 5:19:   Delete `␍`  prettier/prettier
  Line 6:17:   Delete `␍`  prettier/prettier
  Line 7:61:   Delete `␍`  prettier/prettier
  Line 8:62:   Delete `␍`  prettier/prettier
  Line 9:36:   Delete `␍`  prettier/prettier
  Line 10:2:   Delete `␍`  prettier/prettier
  Line 11:1:   Delete `␍`  prettier/prettier
  Line 12:32:  Delete `␍`  prettier/prettier
  Line 13:15:  Delete `␍`  prettier/prettier
  Line 14:19:  Delete `␍`  prettier/prettier
  Line 15:18:  Delete `␍`  prettier/prettier
  Line 16:26:  Delete `␍`  prettier/prettier
  Line 17:10:  Delete `␍`  prettier/prettier
  Line 18:11:  Delete `␍`  prettier/prettier
  Line 19:27:  Delete `␍`  prettier/prettier
  Line 20:12:  Delete `␍`  prettier/prettier
  Line 21:69:  Delete `␍`  prettier/prettier
  Line 22:33:  Delete `␍`  prettier/prettier
  Line 23:58:  Delete `␍`  prettier/prettier
  Line 24:1:   Delete `␍`  prettier/prettier
  Line 25:19:  Delete `␍`  prettier/prettier
  Line 26:23:  Delete `␍`  prettier/prettier
  Line 27:58:  Delete `␍`  prettier/prettier
  Line 28:34:  Delete `␍`  prettier/prettier
  Line 29:52:  Delete `␍`  prettier/prettier
  Line 30:30:  Delete `␍`  prettier/prettier
  Line 31:58:  Delete `␍`  prettier/prettier
  Line 32:34:  Delete `␍`  prettier/prettier
  Line 33:52:  Delete `␍`  prettier/prettier
  Line 34:6:   Delete `␍`  prettier/prettier
  Line 35:4:   Delete `␍`  prettier/prettier
  Line 36:1:   Delete `␍`  prettier/prettier
  Line 37:28:  Delete `␍`  prettier/prettier
  Line 38:1:   Delete `␍`  prettier/prettier
  Line 39:29:  Delete `␍`  prettier/prettier
  Line 40:51:  Delete `␍`  prettier/prettier
  Line 41:15:  Delete `␍`  prettier/prettier
  Line 42:18:  Delete `␍`  prettier/prettier
  Line 43:6:   Delete `␍`  prettier/prettier
  Line 44:27:  Delete `␍`  prettier/prettier
  Line 45:4:   Delete `␍`  prettier/prettier
  Line 46:26:  Delete `␍`  prettier/prettier
  Line 47:2:   Delete `␍`  prettier/prettier
  Line 48:1:   Delete `␍`  prettier/prettier
  Line 49:36:  Delete `␍`  prettier/prettier
  Line 50:15:  Delete `␍`  prettier/prettier
  Line 51:23:  Delete `␍`  prettier/prettier
  Line 52:25:  Delete `␍`  prettier/prettier
  Line 53:27:  Delete `␍`  prettier/prettier
  Line 54:72:  Delete `␍`  prettier/prettier
  Line 55:44:  Delete `␍`  prettier/prettier
  Line 56:28:  Delete `␍`  prettier/prettier
  Line 57:27:  Delete `␍`  prettier/prettier
  Line 58:9:   Delete `␍`  prettier/prettier
  Line 59:73:  Delete `␍`  prettier/prettier
  Line 60:32:  Delete `␍`  prettier/prettier
  Line 61:1:   Delete `␍`  prettier/prettier
  Line 62:33:  Delete `␍`  prettier/prettier
  Line 63:33:  Delete `␍`  prettier/prettier
  Line 64:19:  Delete `␍`  prettier/prettier
  Line 65:49:  Delete `␍`  prettier/prettier
  Line 66:48:  Delete `␍`  prettier/prettier
  Line 67:10:  Delete `␍`  prettier/prettier
  Line 68:31:  Delete `␍`  prettier/prettier
  Line 69:8:   Delete `␍`  prettier/prettier
  Line 70:1:   Delete `␍`  prettier/prettier
  Line 71:42:  Delete `␍`  prettier/prettier
  Line 72:26:  Delete `␍`  prettier/prettier
  Line 73:13:  Delete `␍`  prettier/prettier
  Line 74:41:  Delete `␍`  prettier/prettier
  Line 75:45:  Delete `␍`  prettier/prettier
  Line 76:32:  Delete `␍`  prettier/prettier
  Line 77:6:   Delete `␍`  prettier/prettier
  Line 78:4:   Delete `␍`  prettier/prettier
  Line 79:1:   Delete `␍`  prettier/prettier
  Line 80:21:  Delete `␍`  prettier/prettier
  Line 81:75:  Delete `␍`  prettier/prettier
  Line 82:27:  Delete `␍`  prettier/prettier
  Line 83:4:   Delete `␍`  prettier/prettier
  Line 84:1:   Delete `␍`  prettier/prettier
  Line 85:51:  Delete `␍`  prettier/prettier
  Line 86:24:  Delete `␍`  prettier/prettier
  Line 87:13:  Delete `␍`  prettier/prettier
  Line 88:41:  Delete `␍`  prettier/prettier
  Line 89:33:  Delete `␍`  prettier/prettier
  Line 90:6:   Delete `␍`  prettier/prettier
  Line 91:4:   Delete `␍`  prettier/prettier
  Line 92:1:   Delete `␍`  prettier/prettier
  Line 93:11:  Delete `␍`  prettier/prettier
  Line 94:20:  Delete `␍`  prettier/prettier
  Line 95:31:  Delete `␍`  prettier/prettier
  Line 96:4:   Delete `␍`  prettier/prettier
  Line 97:2:   Delete `␍`  prettier/prettier

src\hooks\useAppConfig.ts
  Line 1:45:   Delete `␍`  prettier/prettier
  Line 2:42:   Delete `␍`  prettier/prettier
  Line 3:34:   Delete `␍`  prettier/prettier
  Line 4:50:   Delete `␍`  prettier/prettier
  Line 5:43:   Delete `␍`  prettier/prettier
  Line 6:56:   Delete `␍`  prettier/prettier
  Line 7:1:    Delete `␍`  prettier/prettier
  Line 8:71:   Delete `␍`  prettier/prettier
  Line 9:33:   Delete `␍`  prettier/prettier
  Line 10:1:   Delete `␍`  prettier/prettier
  Line 11:20:  Delete `␍`  prettier/prettier
  Line 12:42:  Delete `␍`  prettier/prettier
  Line 13:13:  Delete `␍`  prettier/prettier
  Line 14:6:   Delete `␍`  prettier/prettier
  Line 15:1:   Delete `␍`  prettier/prettier
  Line 16:72:  Delete `␍`  prettier/prettier
  Line 17:74:  Delete `␍`  prettier/prettier
  Line 18:1:   Delete `␍`  prettier/prettier
  Line 19:43:  Delete `␍`  prettier/prettier
  Line 20:1:   Delete `␍`  prettier/prettier
  Line 21:64:  Delete `␍`  prettier/prettier
  Line 22:33:  Delete `␍`  prettier/prettier
  Line 23:1:   Delete `␍`  prettier/prettier
  Line 24:55:  Delete `␍`  prettier/prettier
  Line 25:53:  Delete `␍`  prettier/prettier
  Line 26:1:   Delete `␍`  prettier/prettier
  Line 27:29:  Delete `␍`  prettier/prettier
  Line 28:21:  Delete `␍`  prettier/prettier
  Line 29:46:  Delete `␍`  prettier/prettier
  Line 30:74:  Delete `␍`  prettier/prettier
  Line 31:50:  Delete `␍`  prettier/prettier
  Line 32:25:  Delete `␍`  prettier/prettier
  Line 33:1:   Delete `␍`  prettier/prettier
  Line 34:24:  Delete `␍`  prettier/prettier
  Line 35:33:  Delete `␍`  prettier/prettier
  Line 36:12:  Delete `␍`  prettier/prettier
  Line 37:15:  Delete `␍`  prettier/prettier
  Line 38:16:  Delete `␍`  prettier/prettier
  Line 39:11:  Delete `␍`  prettier/prettier
  Line 40:11:  Delete `␍`  prettier/prettier
  Line 41:20:  Delete `␍`  prettier/prettier
  Line 42:8:   Delete `␍`  prettier/prettier
  Line 43:1:   Delete `␍`  prettier/prettier
  Line 44:47:  Delete `␍`  prettier/prettier
  Line 45:19:  Delete `␍`  prettier/prettier
  Line 46:29:  Delete `␍`  prettier/prettier
  Line 47:8:   Delete `␍`  prettier/prettier
  Line 48:1:   Delete `␍`  prettier/prettier
  Line 49:18:  Delete `␍`  prettier/prettier
  Line 50:7:   Delete `␍`  prettier/prettier
  Line 51:1:   Delete `␍`  prettier/prettier
  Line 52:14:  Delete `␍`  prettier/prettier
  Line 53:79:  Delete `␍`  prettier/prettier
  Line 54:6:   Delete `␍`  prettier/prettier
  Line 55:17:  Delete `␍`  prettier/prettier
  Line 56:2:   Delete `␍`  prettier/prettier

src\hooks\useStartGame.ts
  Line 1:34:   Delete `␍`  prettier/prettier
  Line 2:42:   Delete `␍`  prettier/prettier
  Line 3:44:   Delete `␍`  prettier/prettier
  Line 4:1:    Delete `␍`  prettier/prettier
  Line 5:36:   Delete `␍`  prettier/prettier
  Line 6:33:   Delete `␍`  prettier/prettier
  Line 7:34:   Delete `␍`  prettier/prettier
  Line 8:25:   Delete `␍`  prettier/prettier
  Line 9:4:    Delete `␍`  prettier/prettier
  Line 10:1:   Delete `␍`  prettier/prettier
  Line 11:20:  Delete `␍`  prettier/prettier
  Line 12:48:  Delete `␍`  prettier/prettier
  Line 13:36:  Delete `␍`  prettier/prettier
  Line 14:15:  Delete `␍`  prettier/prettier
  Line 15:8:   Delete `␍`  prettier/prettier
  Line 16:24:  Delete `␍`  prettier/prettier
  Line 17:6:   Delete `␍`  prettier/prettier
  Line 18:57:  Delete `␍`  prettier/prettier
  Line 19:1:   Delete `␍`  prettier/prettier
  Line 20:73:  Delete `␍`  prettier/prettier
  Line 21:9:   Delete `␍`  prettier/prettier
  Line 22:1:   Delete `␍`  prettier/prettier
  Line 23:29:  Delete `␍`  prettier/prettier
  Line 24:2:   Delete `␍`  prettier/prettier

src\index.tsx
  Line 1:39:   Delete `␍`  prettier/prettier
  Line 2:28:   Delete `␍`  prettier/prettier
  Line 3:1:    Delete `␍`  prettier/prettier
  Line 4:21:   Delete `␍`  prettier/prettier
  Line 5:1:    Delete `␍`  prettier/prettier
  Line 6:24:   Delete `␍`  prettier/prettier
  Line 7:1:    Delete `␍`  prettier/prettier
  Line 8:26:   Delete `␍`  prettier/prettier
  Line 9:27:   Delete `␍`  prettier/prettier
  Line 10:12:  Delete `␍`  prettier/prettier
  Line 11:14:  Delete `␍`  prettier/prettier
  Line 12:2:   Delete `␍`  prettier/prettier
  Line 13:1:   Delete `␍`  prettier/prettier
  Line 14:25:  Delete `␍`  prettier/prettier

src\store.ts
  Line 1:50:   Delete `␍`  prettier/prettier
  Line 2:42:   Delete `␍`  prettier/prettier
  Line 3:31:   Delete `␍`  prettier/prettier
  Line 4:13:   Delete `␍`  prettier/prettier
  Line 5:23:   Delete `␍`  prettier/prettier
  Line 6:5:    Delete `␍`  prettier/prettier
  Line 7:3:    Delete `␍`  prettier/prettier
  Line 8:1:    Delete `␍`  prettier/prettier
  Line 9:58:   Delete `␍`  prettier/prettier
  Line 10:48:  Delete `␍`  prettier/prettier
  Line 11:21:  Delete `␍`  prettier/prettier

src\types.ts
  Line 1:42:   Delete `␍`  prettier/prettier
  Line 2:1:    Delete `␍`  prettier/prettier
  Line 3:28:   Delete `␍`  prettier/prettier
  Line 4:24:   Delete `␍`  prettier/prettier
  Line 5:22:   Delete `␍`  prettier/prettier
  Line 6:18:   Delete `␍`  prettier/prettier
  Line 7:22:   Delete `␍`  prettier/prettier
  Line 8:2:    Delete `␍`  prettier/prettier
  Line 9:1:    Delete `␍`  prettier/prettier
  Line 10:21:  Delete `␍`  prettier/prettier
  Line 11:26:  Delete `␍`  prettier/prettier
  Line 12:1:   Delete `␍`  prettier/prettier
  Line 13:34:  Delete `␍`  prettier/prettier
  Line 14:21:  Delete `␍`  prettier/prettier
  Line 15:4:   Delete `␍`  prettier/prettier
  Line 16:2:   Delete `␍`  prettier/prettier

Search for the keywords to learn more about each warning.
To ignore, add // eslint-disable-next-line to the line before.

File sizes after gzip:

  58.74 kB  build\static\js\main.2ab8c4ee.js
  416 B     build\static\css\main.83a00b72.css

The project was built assuming it is hosted at /snake-game/.
You can control this with the homepage field in your package.json.

The build folder is ready to be deployed.

Find out more about deployment here:

  https://cra.link/deployment

